<?xml version="1.0" encoding="UTF-8"?>
<!-- Generated by org.testng.reporters.JUnitReportReporter -->
<testsuite hostname="nafrinhp" failures="0" tests="16" name="com.sevenrmartsupermart.tests.SubCategoryTest" time="113.938" errors="0" timestamp="2024-11-27T13:37:19 IST" skipped="0">
  <testcase classname="com.sevenrmartsupermart.tests.SubCategoryTest" name="verifyNewCategoryCanBeCreatedWithImage" time="6.085"/>
  <testcase classname="com.sevenrmartsupermart.tests.SubCategoryTest" name="verifyWhetherSearchFieldCanBeReset" time="4.921"/>
  <testcase classname="com.sevenrmartsupermart.tests.SubCategoryTest" name="verifyNewCategoryCanBeCreatedWithoutImage" time="6.273"/>
  <testcase classname="com.sevenrmartsupermart.tests.SubCategoryTest" name="verifyNewCategoryCanBeCreatedWithoutImage" time="7.115"/>
  <testcase classname="com.sevenrmartsupermart.tests.SubCategoryTest" name="verifySubCategoryListUsingSearchButton" time="5.674"/>
  <testcase classname="com.sevenrmartsupermart.tests.SubCategoryTest" name="verifyNewCategoryCanBeCreatedWithImage" time="6.789"/>
  <testcase classname="com.sevenrmartsupermart.tests.SubCategoryTest" name="verifyNewCategoryCanBeCreatedWithoutImage" time="7.403"/>
  <testcase classname="com.sevenrmartsupermart.tests.SubCategoryTest" name="verifyNewCategoryCanBeCreatedWithImage" time="7.152"/>
  <testcase classname="com.sevenrmartsupermart.tests.SubCategoryTest" name="verifyNewCategoryIsShownFirstInTable" time="7.564"/>
  <testcase classname="com.sevenrmartsupermart.tests.SubCategoryTest" name="verifyNewCategoryCanBeCreatedWithoutImage" time="6.746"/>
  <testcase classname="com.sevenrmartsupermart.tests.SubCategoryTest" name="verifySubCategoryCanBeUpdated" time="7.582"/>
  <testcase classname="com.sevenrmartsupermart.tests.SubCategoryTest" name="verifyIfCategoryCanBeDeletedFromSubCategoryList" time="18.167"/>
  <testcase classname="com.sevenrmartsupermart.tests.SubCategoryTest" name="verifyTwoCategoriesWithSameSubCategoryNameCannotBeCreated" time="6.521"/>
  <testcase classname="com.sevenrmartsupermart.tests.SubCategoryTest" name="verifySubCategoryCannotBeSearchedWithoutSelectingCategory" time="4.883"/>
  <testcase classname="com.sevenrmartsupermart.tests.SubCategoryTest" name="verifySubCategoryListUsingSearchButtonWithWrongData" time="4.341"/>
  <testcase classname="com.sevenrmartsupermart.tests.SubCategoryTest" name="verifyNewCategoryCanBeCreatedWithImage" time="6.722"/>
</testsuite> <!-- com.sevenrmartsupermart.tests.SubCategoryTest -->
