<?xml version="1.0" encoding="UTF-8"?>
<!-- Generated by org.testng.reporters.JUnitReportReporter -->
<testsuite hostname="nafrinhp" failures="0" tests="1" name="com.sevenrmartsupermart.tests.SubCategoryTest" time="5.541" errors="0" timestamp="2024-11-21T19:55:32 IST" skipped="0">
  <testcase classname="com.sevenrmartsupermart.tests.SubCategoryTest" name="verifySubCategoryListUsingSearchButtonWithWrongData" time="5.541"/>
</testsuite> <!-- com.sevenrmartsupermart.tests.SubCategoryTest -->
