<?xml version="1.0" encoding="UTF-8"?>
<!-- Generated by org.testng.reporters.JUnitReportReporter -->
<testsuite hostname="nafrinhp" failures="0" tests="1" name="com.sevenrmartsupermart.tests.LoginTest" time="6.563" errors="0" timestamp="2024-11-24T17:32:45 IST" skipped="0">
  <testcase classname="com.sevenrmartsupermart.tests.LoginTest" name="verifyLoginIsNotAllowedWithoutUsername" time="6.563"/>
</testsuite> <!-- com.sevenrmartsupermart.tests.LoginTest -->
