<?xml version="1.0" encoding="UTF-8"?>
<!-- Generated by org.testng.reporters.JUnitReportReporter -->
<testsuite hostname="nafrinhp" failures="0" tests="1" name="com.sevenrmartsupermart.tests.SubCategoryTest" time="18.632" errors="0" timestamp="2024-12-02T12:34:12 IST" skipped="0">
  <testcase classname="com.sevenrmartsupermart.tests.SubCategoryTest" name="verifyIfCategoryCanBeDeletedFromSubCategoryList" time="18.632"/>
</testsuite> <!-- com.sevenrmartsupermart.tests.SubCategoryTest -->
