<?xml version="1.0" encoding="UTF-8"?>
<!-- Generated by org.testng.reporters.JUnitReportReporter -->
<testsuite hostname="nafrinhp" failures="0" tests="1" name="com.sevenrmartsupermart.tests.AdminUserTest" time="8.443" errors="0" timestamp="2024-12-02T13:51:42 IST" skipped="0">
  <testcase classname="com.sevenrmartsupermart.tests.AdminUserTest" name="verifyStatusChangeIsPossibleThroughButton" time="8.443"/>
</testsuite> <!-- com.sevenrmartsupermart.tests.AdminUserTest -->
