<?xml version="1.0" encoding="UTF-8"?>
<!-- Generated by org.testng.reporters.JUnitReportReporter -->
<testsuite hostname="nafrinhp" failures="0" tests="4" name="com.sevenrmartsupermart.tests.HomeTest" time="21.302" errors="0" timestamp="2024-12-02T18:18:36 IST" skipped="0">
  <testcase classname="com.sevenrmartsupermart.tests.HomeTest" name="verifyHomePageOptions" time="5.250"/>
  <testcase classname="com.sevenrmartsupermart.tests.HomeTest" name="verifyHomePageOptions" time="5.179"/>
  <testcase classname="com.sevenrmartsupermart.tests.HomeTest" name="verifyWhetherClickingOnLogoutButtonLogsOutAdminUserFromTheirAccount" time="5.508"/>
  <testcase classname="com.sevenrmartsupermart.tests.HomeTest" name="verifyWhetherClickingOnLogoutButtonLogsOutAdminUserFromTheirAccount" time="5.365"/>
</testsuite> <!-- com.sevenrmartsupermart.tests.HomeTest -->
