<?xml version="1.0" encoding="UTF-8"?>
<!-- Generated by org.testng.reporters.JUnitReportReporter -->
<testsuite hostname="nafrinhp" failures="0" tests="1" name="com.sevenrmartsupermart.tests.SubCategoryTest" time="11.789" errors="0" timestamp="2024-11-22T17:04:03 IST" skipped="0">
  <testcase classname="com.sevenrmartsupermart.tests.SubCategoryTest" name="verifyTwoCategoriesWithSameSubCategoryNameCannotBeCreated" time="11.789"/>
</testsuite> <!-- com.sevenrmartsupermart.tests.SubCategoryTest -->
