<?xml version="1.0" encoding="UTF-8"?>
<!-- Generated by org.testng.reporters.JUnitReportReporter -->
<testsuite hostname="nafrinhp" failures="0" tests="2" name="com.sevenrmartsupermart.tests.HomeTest" time="18.692" errors="0" timestamp="2024-11-27T12:14:31 IST" skipped="0">
  <testcase classname="com.sevenrmartsupermart.tests.HomeTest" name="verifyWhetherClickingOnLogoutButtonLogsOutAdminUserFromTheirAccount" time="7.880"/>
  <testcase classname="com.sevenrmartsupermart.tests.HomeTest" name="verifyHomePageOptions" time="10.812"/>
</testsuite> <!-- com.sevenrmartsupermart.tests.HomeTest -->
