<?xml version="1.0" encoding="UTF-8"?>
<!-- Generated by org.testng.reporters.JUnitReportReporter -->
<testsuite hostname="nafrinhp" failures="0" tests="7" name="com.sevenrmartsupermart.tests.AdminUserTest" time="35.498" errors="0" timestamp="2024-12-02T18:18:36 IST" skipped="0">
  <testcase classname="com.sevenrmartsupermart.tests.AdminUserTest" name="verifyThatNewAdminUsersWithDifferentUserTypeCanBeAdded" time="5.114"/>
  <testcase classname="com.sevenrmartsupermart.tests.AdminUserTest" name="verifyThatNewAdminUsersWithDifferentUserTypeCanBeAdded" time="5.087"/>
  <testcase classname="com.sevenrmartsupermart.tests.AdminUserTest" name="verifyNewAdminUserWithExistingUserNameWithinSameUserTypeCannotBeCreated" time="5.283"/>
  <testcase classname="com.sevenrmartsupermart.tests.AdminUserTest" name="verifyStatusChangeIsPossibleThroughLockButton" time="6.355"/>
  <testcase classname="com.sevenrmartsupermart.tests.AdminUserTest" name="verifyWhetherAdminUserListHasAllRequiredColoumns" time="3.953"/>
  <testcase classname="com.sevenrmartsupermart.tests.AdminUserTest" name="verifyThatNewAdminUsersWithDifferentUserTypeCanBeAdded" time="4.911"/>
  <testcase classname="com.sevenrmartsupermart.tests.AdminUserTest" name="verifyThatNewAdminUsersWithDifferentUserTypeCanBeAdded" time="4.795"/>
</testsuite> <!-- com.sevenrmartsupermart.tests.AdminUserTest -->
