<?xml version="1.0" encoding="UTF-8"?>
<!-- Generated by org.testng.reporters.JUnitReportReporter -->
<testsuite hostname="nafrinhp" failures="0" tests="1" name="com.sevenrmartsupermart.tests.LoginTest" time="26.635" errors="0" timestamp="2024-12-02T16:51:52 IST" skipped="0">
  <testcase classname="com.sevenrmartsupermart.tests.LoginTest" name="verifyLoginDetailsAreSavedAfterClickingRememberMeCheckBox" time="26.635"/>
</testsuite> <!-- com.sevenrmartsupermart.tests.LoginTest -->
