<?xml version="1.0" encoding="UTF-8"?>
<!-- Generated by org.testng.reporters.JUnitReportReporter -->
<testsuite hostname="nafrinhp" failures="0" tests="4" name="com.sevenrmartsupermart.tests.HomeTest" time="28.898" errors="0" timestamp="2024-11-27T13:37:19 IST" skipped="0">
  <testcase classname="com.sevenrmartsupermart.tests.HomeTest" name="verifyHomePageOptions" time="6.911"/>
  <testcase classname="com.sevenrmartsupermart.tests.HomeTest" name="verifyWhetherClickingOnLogoutButtonLogsOutAdminUserFromTheirAccount" time="7.615"/>
  <testcase classname="com.sevenrmartsupermart.tests.HomeTest" name="verifyWhetherClickingOnLogoutButtonLogsOutAdminUserFromTheirAccount" time="7.969"/>
  <testcase classname="com.sevenrmartsupermart.tests.HomeTest" name="verifyHomePageOptions" time="6.403"/>
</testsuite> <!-- com.sevenrmartsupermart.tests.HomeTest -->
